# JRE version: OpenJDK Runtime Environment (21.0.3) (build 21.0.3+-12282718-b509.11)
# Java VM: OpenJDK 64-Bit Server VM (21.0.3+-12282718-b509.11, mixed mode, tiered, compressed oops, compressed class ptrs, g1 gc, windows-amd64)
GC Precious Log:
 CardTable entry size: 512
 Card Set container configuration: InlinePtr #cards 5 size 8 Array Of Cards #cards 12 size 40 Howl #buckets 4 coarsen threshold 1843 Howl Bitmap #cards 512 size 80 coarsen threshold 460 Card regions per heap region 1 cards per card region 2048
 CPUs: 20 total, 20 available
 Memory: 16004M
 Large Page Support: Disabled
 NUMA Support: Disabled
 Compressed Oops: Enabled (32-bit)
 Heap Region Size: 1M
 Heap Min Capacity: 8M
 Heap Initial Capacity: 252M
 Heap Max Capacity: 2G
 Pre-touch: Disabled
 Parallel Workers: 15
 Concurrent Workers: 4
 Concurrent Refinement Workers: 15
 Periodic GC: Disabled
Heap:
 garbage-first heap   total 209920K, used 120626K [0x0000000080000000, 0x0000000100000000)
  region size 1024K, 35 young (35840K), 5 survivors (5120K)
 Metaspace       used 98921K, committed 100800K, reserved 1179648K
  class space    used 13552K, committed 14464K, reserved 1048576K
GC Heap History (20 events):
Event: 3.020 GC heap before
{Heap before GC invocations=9 (full 0):
 garbage-first heap   total 84992K, used 70889K [0x0000000080000000, 0x0000000100000000)
  region size 1024K, 46 young (47104K), 6 survivors (6144K)
 Metaspace       used 46186K, committed 47424K, reserved 1114112K
  class space    used 6103K, committed 6720K, reserved 1048576K
}
Event: 3.025 GC heap after
{Heap after GC invocations=10 (full 0):
 garbage-first heap   total 169984K, used 31295K [0x0000000080000000, 0x0000000100000000)
  region size 1024K, 3 young (3072K), 3 survivors (3072K)
 Metaspace       used 46186K, committed 47424K, reserved 1114112K
  class space    used 6103K, committed 6720K, reserved 1048576K
}
Event: 4.074 GC heap before
{Heap before GC invocations=10 (full 0):
 garbage-first heap   total 169984K, used 122431K [0x0000000080000000, 0x0000000100000000)
  region size 1024K, 93 young (95232K), 3 survivors (3072K)
 Metaspace       used 58681K, committed 60160K, reserved 1114112K
  class space    used 8104K, committed 8832K, reserved 1048576K
}
Event: 4.079 GC heap after
{Heap after GC invocations=11 (full 0):
 garbage-first heap   total 169984K, used 37392K [0x0000000080000000, 0x0000000100000000)
  region size 1024K, 9 young (9216K), 9 survivors (9216K)
 Metaspace       used 58681K, committed 60160K, reserved 1114112K
  class space    used 8104K, committed 8832K, reserved 1048576K
}
Event: 4.897 GC heap before
{Heap before GC invocations=12 (full 0):
 garbage-first heap   total 137216K, used 123408K [0x0000000080000000, 0x0000000100000000)
  region size 1024K, 80 young (81920K), 9 survivors (9216K)
 Metaspace       used 62307K, committed 63936K, reserved 1114112K
  class space    used 8563K, committed 9344K, reserved 1048576K
}
Event: 4.905 GC heap after
{Heap after GC invocations=13 (full 0):
 garbage-first heap   total 148480K, used 63747K [0x0000000080000000, 0x0000000100000000)
  region size 1024K, 10 young (10240K), 10 survivors (10240K)
 Metaspace       used 62307K, committed 63936K, reserved 1114112K
  class space    used 8563K, committed 9344K, reserved 1048576K
}
Event: 5.401 GC heap before
{Heap before GC invocations=13 (full 0):
 garbage-first heap   total 148480K, used 124163K [0x0000000080000000, 0x0000000100000000)
  region size 1024K, 69 young (70656K), 10 survivors (10240K)
 Metaspace       used 68709K, committed 70400K, reserved 1114112K
  class space    used 9252K, committed 10112K, reserved 1048576K
}
Event: 5.406 GC heap after
{Heap after GC invocations=14 (full 0):
 garbage-first heap   total 148480K, used 66669K [0x0000000080000000, 0x0000000100000000)
  region size 1024K, 2 young (2048K), 2 survivors (2048K)
 Metaspace       used 68709K, committed 70400K, reserved 1114112K
  class space    used 9252K, committed 10112K, reserved 1048576K
}
Event: 5.683 GC heap before
{Heap before GC invocations=14 (full 0):
 garbage-first heap   total 148480K, used 97389K [0x0000000080000000, 0x0000000100000000)
  region size 1024K, 33 young (33792K), 2 survivors (2048K)
 Metaspace       used 72797K, committed 74496K, reserved 1114112K
  class space    used 9832K, committed 10688K, reserved 1048576K
}
Event: 5.687 GC heap after
{Heap after GC invocations=15 (full 0):
 garbage-first heap   total 148480K, used 68876K [0x0000000080000000, 0x0000000100000000)
  region size 1024K, 5 young (5120K), 5 survivors (5120K)
 Metaspace       used 72797K, committed 74496K, reserved 1114112K
  class space    used 9832K, committed 10688K, reserved 1048576K
}
Event: 6.076 GC heap before
{Heap before GC invocations=16 (full 0):
 garbage-first heap   total 148480K, used 135436K [0x0000000080000000, 0x0000000100000000)
  region size 1024K, 64 young (65536K), 5 survivors (5120K)
 Metaspace       used 76332K, committed 78144K, reserved 1179648K
  class space    used 10294K, committed 11200K, reserved 1048576K
}
Event: 6.081 GC heap after
{Heap after GC invocations=17 (full 0):
 garbage-first heap   total 148480K, used 73120K [0x0000000080000000, 0x0000000100000000)
  region size 1024K, 8 young (8192K), 8 survivors (8192K)
 Metaspace       used 76332K, committed 78144K, reserved 1179648K
  class space    used 10294K, committed 11200K, reserved 1048576K
}
Event: 6.565 GC heap before
{Heap before GC invocations=17 (full 0):
 garbage-first heap   total 148480K, used 135584K [0x0000000080000000, 0x0000000100000000)
  region size 1024K, 65 young (66560K), 8 survivors (8192K)
 Metaspace       used 83053K, committed 84800K, reserved 1179648K
  class space    used 11194K, committed 12032K, reserved 1048576K
}
Event: 6.572 GC heap after
{Heap after GC invocations=18 (full 0):
 garbage-first heap   total 209920K, used 79760K [0x0000000080000000, 0x0000000100000000)
  region size 1024K, 4 young (4096K), 4 survivors (4096K)
 Metaspace       used 83053K, committed 84800K, reserved 1179648K
  class space    used 11194K, committed 12032K, reserved 1048576K
}
Event: 7.301 GC heap before
{Heap before GC invocations=18 (full 0):
 garbage-first heap   total 209920K, used 170896K [0x0000000080000000, 0x0000000100000000)
  region size 1024K, 93 young (95232K), 4 survivors (4096K)
 Metaspace       used 88284K, committed 90112K, reserved 1179648K
  class space    used 11855K, committed 12736K, reserved 1048576K
}
Event: 7.308 GC heap after
{Heap after GC invocations=19 (full 0):
 garbage-first heap   total 209920K, used 86396K [0x0000000080000000, 0x0000000100000000)
  region size 1024K, 11 young (11264K), 11 survivors (11264K)
 Metaspace       used 88284K, committed 90112K, reserved 1179648K
  class space    used 11855K, committed 12736K, reserved 1048576K
}
Event: 7.431 GC heap before
{Heap before GC invocations=19 (full 0):
 garbage-first heap   total 209920K, used 102780K [0x0000000080000000, 0x0000000100000000)
  region size 1024K, 28 young (28672K), 11 survivors (11264K)
 Metaspace       used 89513K, committed 91328K, reserved 1179648K
  class space    used 12038K, committed 12928K, reserved 1048576K
}
Event: 7.436 GC heap after
{Heap after GC invocations=20 (full 0):
 garbage-first heap   total 209920K, used 87963K [0x0000000080000000, 0x0000000100000000)
  region size 1024K, 9 young (9216K), 9 survivors (9216K)
 Metaspace       used 89513K, committed 91328K, reserved 1179648K
  class space    used 12038K, committed 12928K, reserved 1048576K
}
Event: 8.143 GC heap before
{Heap before GC invocations=21 (full 0):
 garbage-first heap   total 209920K, used 180123K [0x0000000080000000, 0x0000000100000000)
  region size 1024K, 98 young (100352K), 9 survivors (9216K)
 Metaspace       used 96143K, committed 98048K, reserved 1179648K
  class space    used 13150K, committed 14080K, reserved 1048576K
}
Event: 8.150 GC heap after
{Heap after GC invocations=22 (full 0):
 garbage-first heap   total 209920K, used 90930K [0x0000000080000000, 0x0000000100000000)
  region size 1024K, 5 young (5120K), 5 survivors (5120K)
 Metaspace       used 96143K, committed 98048K, reserved 1179648K
  class space    used 13150K, committed 14080K, reserved 1048576K
}

