# JRE version: OpenJDK Runtime Environment (21.0.3) (build 21.0.3+-12282718-b509.11)
# Java VM: OpenJDK 64-Bit Server VM (21.0.3+-12282718-b509.11, mixed mode, tiered, compressed oops, compressed class ptrs, g1 gc, windows-amd64)
GC Precious Log:
 CardTable entry size: 512
 Card Set container configuration: InlinePtr #cards 5 size 8 Array Of Cards #cards 12 size 40 Howl #buckets 4 coarsen threshold 1843 Howl Bitmap #cards 512 size 80 coarsen threshold 460 Card regions per heap region 1 cards per card region 2048
 CPUs: 20 total, 20 available
 Memory: 16004M
 Large Page Support: Disabled
 NUMA Support: Disabled
 Compressed Oops: Enabled (32-bit)
 Heap Region Size: 1M
 Heap Min Capacity: 8M
 Heap Initial Capacity: 252M
 Heap Max Capacity: 2G
 Pre-touch: Disabled
 Parallel Workers: 15
 Concurrent Workers: 4
 Concurrent Refinement Workers: 15
 Periodic GC: Disabled
Heap:
 garbage-first heap   total 203776K, used 140875K [0x0000000080000000, 0x0000000100000000)
  region size 1024K, 20 young (20480K), 9 survivors (9216K)
 Metaspace       used 122982K, committed 125056K, reserved 1179648K
  class space    used 16836K, committed 17856K, reserved 1048576K
GC Heap History (20 events):
Event: 11.323 GC heap before
{Heap before GC invocations=25 (full 0):
 garbage-first heap   total 142336K, used 130281K [0x0000000080000000, 0x0000000100000000)
  region size 1024K, 44 young (45056K), 3 survivors (3072K)
 Metaspace       used 93224K, committed 95104K, reserved 1179648K
  class space    used 12736K, committed 13696K, reserved 1048576K
}
Event: 11.327 GC heap after
{Heap after GC invocations=26 (full 0):
 garbage-first heap   total 142336K, used 88724K [0x0000000080000000, 0x0000000100000000)
  region size 1024K, 4 young (4096K), 4 survivors (4096K)
 Metaspace       used 93224K, committed 95104K, reserved 1179648K
  class space    used 12736K, committed 13696K, reserved 1048576K
}
Event: 11.789 GC heap before
{Heap before GC invocations=27 (full 0):
 garbage-first heap   total 153600K, used 128660K [0x0000000080000000, 0x0000000100000000)
  region size 1024K, 43 young (44032K), 4 survivors (4096K)
 Metaspace       used 96038K, committed 97984K, reserved 1179648K
  class space    used 13133K, committed 14144K, reserved 1048576K
}
Event: 11.794 GC heap after
{Heap after GC invocations=28 (full 0):
 garbage-first heap   total 184320K, used 90482K [0x0000000080000000, 0x0000000100000000)
  region size 1024K, 5 young (5120K), 5 survivors (5120K)
 Metaspace       used 96038K, committed 97984K, reserved 1179648K
  class space    used 13133K, committed 14144K, reserved 1048576K
}
Event: 12.658 GC heap before
{Heap before GC invocations=28 (full 0):
 garbage-first heap   total 184320K, used 165234K [0x0000000080000000, 0x0000000100000000)
  region size 1024K, 78 young (79872K), 5 survivors (5120K)
 Metaspace       used 102394K, committed 104384K, reserved 1179648K
  class space    used 14095K, committed 15104K, reserved 1048576K
}
Event: 12.664 GC heap after
{Heap after GC invocations=29 (full 0):
 garbage-first heap   total 184320K, used 93686K [0x0000000080000000, 0x0000000100000000)
  region size 1024K, 9 young (9216K), 9 survivors (9216K)
 Metaspace       used 102394K, committed 104384K, reserved 1179648K
  class space    used 14095K, committed 15104K, reserved 1048576K
}
Event: 13.362 GC heap before
{Heap before GC invocations=29 (full 0):
 garbage-first heap   total 184320K, used 156150K [0x0000000080000000, 0x0000000100000000)
  region size 1024K, 72 young (73728K), 9 survivors (9216K)
 Metaspace       used 107363K, committed 109376K, reserved 1179648K
  class space    used 14662K, committed 15680K, reserved 1048576K
}
Event: 13.371 GC heap after
{Heap after GC invocations=30 (full 0):
 garbage-first heap   total 184320K, used 100645K [0x0000000080000000, 0x0000000100000000)
  region size 1024K, 10 young (10240K), 10 survivors (10240K)
 Metaspace       used 107363K, committed 109376K, reserved 1179648K
  class space    used 14662K, committed 15680K, reserved 1048576K
}
Event: 13.959 GC heap before
{Heap before GC invocations=31 (full 0):
 garbage-first heap   total 184320K, used 168229K [0x0000000080000000, 0x0000000100000000)
  region size 1024K, 72 young (73728K), 10 survivors (10240K)
 Metaspace       used 110302K, committed 112384K, reserved 1179648K
  class space    used 15087K, committed 16128K, reserved 1048576K
}
Event: 13.967 GC heap after
{Heap after GC invocations=32 (full 0):
 garbage-first heap   total 187392K, used 108246K [0x0000000080000000, 0x0000000100000000)
  region size 1024K, 8 young (8192K), 8 survivors (8192K)
 Metaspace       used 110302K, committed 112384K, reserved 1179648K
  class space    used 15087K, committed 16128K, reserved 1048576K
}
Event: 14.717 GC heap before
{Heap before GC invocations=32 (full 0):
 garbage-first heap   total 187392K, used 167638K [0x0000000080000000, 0x0000000100000000)
  region size 1024K, 67 young (68608K), 8 survivors (8192K)
 Metaspace       used 113182K, committed 115264K, reserved 1179648K
  class space    used 15399K, committed 16448K, reserved 1048576K
}
Event: 14.724 GC heap after
{Heap after GC invocations=33 (full 0):
 garbage-first heap   total 187392K, used 112609K [0x0000000080000000, 0x0000000100000000)
  region size 1024K, 7 young (7168K), 7 survivors (7168K)
 Metaspace       used 113182K, committed 115264K, reserved 1179648K
  class space    used 15399K, committed 16448K, reserved 1048576K
}
Event: 15.012 GC heap before
{Heap before GC invocations=33 (full 0):
 garbage-first heap   total 187392K, used 167905K [0x0000000080000000, 0x0000000100000000)
  region size 1024K, 62 young (63488K), 7 survivors (7168K)
 Metaspace       used 113911K, committed 115968K, reserved 1179648K
  class space    used 15468K, committed 16512K, reserved 1048576K
}
Event: 15.018 GC heap after
{Heap after GC invocations=34 (full 0):
 garbage-first heap   total 187392K, used 115979K [0x0000000080000000, 0x0000000100000000)
  region size 1024K, 6 young (6144K), 6 survivors (6144K)
 Metaspace       used 113911K, committed 115968K, reserved 1179648K
  class space    used 15468K, committed 16512K, reserved 1048576K
}
Event: 15.885 GC heap before
{Heap before GC invocations=35 (full 0):
 garbage-first heap   total 203776K, used 167179K [0x0000000080000000, 0x0000000100000000)
  region size 1024K, 57 young (58368K), 6 survivors (6144K)
 Metaspace       used 115829K, committed 117952K, reserved 1179648K
  class space    used 15700K, committed 16768K, reserved 1048576K
}
Event: 15.892 GC heap after
{Heap after GC invocations=36 (full 0):
 garbage-first heap   total 203776K, used 119157K [0x0000000080000000, 0x0000000100000000)
  region size 1024K, 5 young (5120K), 5 survivors (5120K)
 Metaspace       used 115829K, committed 117952K, reserved 1179648K
  class space    used 15700K, committed 16768K, reserved 1048576K
}
Event: 16.370 GC heap before
{Heap before GC invocations=36 (full 0):
 garbage-first heap   total 203776K, used 183669K [0x0000000080000000, 0x0000000100000000)
  region size 1024K, 69 young (70656K), 5 survivors (5120K)
 Metaspace       used 119135K, committed 121216K, reserved 1179648K
  class space    used 16161K, committed 17216K, reserved 1048576K
}
Event: 16.376 GC heap after
{Heap after GC invocations=37 (full 0):
 garbage-first heap   total 203776K, used 122925K [0x0000000080000000, 0x0000000100000000)
  region size 1024K, 9 young (9216K), 9 survivors (9216K)
 Metaspace       used 119135K, committed 121216K, reserved 1179648K
  class space    used 16161K, committed 17216K, reserved 1048576K
}
Event: 16.681 GC heap before
{Heap before GC invocations=37 (full 0):
 garbage-first heap   total 203776K, used 181293K [0x0000000080000000, 0x0000000100000000)
  region size 1024K, 67 young (68608K), 9 survivors (9216K)
 Metaspace       used 122382K, committed 124480K, reserved 1179648K
  class space    used 16744K, committed 17792K, reserved 1048576K
}
Event: 16.688 GC heap after
{Heap after GC invocations=38 (full 0):
 garbage-first heap   total 203776K, used 131659K [0x0000000080000000, 0x0000000100000000)
  region size 1024K, 9 young (9216K), 9 survivors (9216K)
 Metaspace       used 122382K, committed 124480K, reserved 1179648K
  class space    used 16744K, committed 17792K, reserved 1048576K
}

